###############################################################################
#                                                                             #
# IAR ANSI C/C++ Compiler V6.50.6.4896/W32 for ARM      19/Nov/2015  15:23:39 #
# Copyright 1999-2013 IAR Systems AB.                                         #
#                                                                             #
#    Cpu mode     =  thumb                                                    #
#    Endian       =  little                                                   #
#    Source file  =  E:\Gainspan\gs2011mxx_SDK_s2w_tls_tlslp_5.1.5_GA\userapp #
#                    s_mqtt\s2w\src\main\app_main.c                           #
#    Command line =  E:\Gainspan\gs2011mxx_SDK_s2w_tls_tlslp_5.1.5_GA\userapp #
#                    s_mqtt\s2w\src\main\app_main.c -D                        #
#                    TX_ENABLE_IAR_LIBRARY_SUPPORT -D IAR -D FIXED_ROM_BUILD  #
#                    -D RUN_ALL_FROM_FLASH -D TM_USE_HTTPD -D S2W_DNS_CLIENT  #
#                    -D NX_INCLUDE_USER_DEFINE_FILE -D S2W_WEB_FS_AVAILABLE   #
#                    -D S2W_EXTFLASH_DRIVER_TEST -D S2W_PWM_SUPPORT -D        #
#                    S2W_MEM_ACCESS -D S2W_FORCE_UART_PORT -D                 #
#                    S2W_EXT_FLASH_FWUP_PUSH_METHOD -D                        #
#                    S2W_NCM_SUPPORT_ENABLE -D S2W_SECURITY_ENTERPRISE_PEAP_V #
#                    0_AVAILABLE -D S2W_EXT_FLASH_FWUP_PULL_METHOD -D         #
#                    S2W_SECURITY_ENTERPRISE_TLS_AVAILABLE -D                 #
#                    S2W_DNS_SERVER_ENABLE -D ADK_OTAFU -D S2W_GSLINK_RAW -D  #
#                    S2W_GSLINK_XML -D S2W_SECURITY_ENTERPRISE_PEAP_V1_AVAILA #
#                    BLE -D S2W_PING_TRACE -D S2W_RF_TEST -D                  #
#                    S2W_SSL_CLIENT_SUPPORT -D S2W_DEFAULT_UART_PARITY=0 -D   #
#                    S2W_DHCP_SERVER_ENABLE -D S2W_SECURITY_WPS_ENABLE -D     #
#                    ADK_PROV_CONFIG_LIMITED_AP -D S2W_WEB_SERVER -D          #
#                    ADK_PROV -D S2W_DEFAULT_UART_SW_FLOW=0 -D                #
#                    S2W_FILE_UPLOAD_API -D S2W_COAP_SUPPORT -D               #
#                    S2W_HTTPD_SSLCERT_UPLOAD -D                              #
#                    S2W_DEFAULT_UART_STOP_BITS=0 -D S2W_FACT_IMAGE_REQ -D    #
#                    S2W_DEFAULT_UART_BAUD=9600 -D S2W_ASYNC_MSG -D           #
#                    S2W_HTTPS_SUPPORT -D S2W_DEFAULT_UART_HW_FLOW=0 -D       #
#                    S2W_SECURITY_ENTERPRISE_FAST_GTC_AVAILABLE -D            #
#                    S2W_WEB_PROV -D S2W_UNASSOC_TXRX_SUPPORT -D S2W_SNTP -D  #
#                    S2W_UART_ENABLE -D S2W_GSLINK_XMLNESTED_PARSER -D        #
#                    S2W_GSLINK -D S2W_SECURITY_ENTERPRISE_TTLS_AVAILABLE -D  #
#                    S2W_ADC_SUPPORT -D S2W_HTTPC_SUPPORT -D                  #
#                    S2W_SECURITY_ENTERPRISE_FAST_MSCHAPV2_AVAILABLE -D       #
#                    S2W_SSL_SERVER_SUPPORT -D ADK_PROV_CONFIG_CLIENT -D      #
#                    S2W_DEFAULT_UART_BITS_PER_CHAR=3 -D S2W_MDNS_ENABLE -lC  #
#                    E:\Gainspan\gs2011mxx_SDK_s2w_tls_tlslp_5.1.5_GA\userapp #
#                    s_mqtt\s2w\build\Debug\List\ -lA                         #
#                    E:\Gainspan\gs2011mxx_SDK_s2w_tls_tlslp_5.1.5_GA\userapp #
#                    s_mqtt\s2w\build\Debug\List\ --diag_suppress             #
#                    Pa050,Pe231,Pe177 -o E:\Gainspan\gs2011mxx_SDK_s2w_tls_t #
#                    lslp_5.1.5_GA\userapps_mqtt\s2w\build\Debug\Obj\         #
#                    --debug --endian=little --cpu=Cortex-M3 -e --fpu=None    #
#                    --dlib_config "C:\Program Files (x86)\IAR                #
#                    Systems\Embedded Workbench 6.5\arm\INC\c\DLib_Config_Ful #
#                    l.h" -I E:\Gainspan\gs2011mxx_SDK_s2w_tls_tlslp_5.1.5_GA #
#                    \userapps_mqtt\s2w\build\..\..\..\geps\inc\ -I           #
#                    E:\Gainspan\gs2011mxx_SDK_s2w_tls_tlslp_5.1.5_GA\userapp #
#                    s_mqtt\s2w\build\..\..\..\geps\inc\core\ -I              #
#                    E:\Gainspan\gs2011mxx_SDK_s2w_tls_tlslp_5.1.5_GA\userapp #
#                    s_mqtt\s2w\build\..\..\..\geps\inc\drivers\ -I           #
#                    E:\Gainspan\gs2011mxx_SDK_s2w_tls_tlslp_5.1.5_GA\userapp #
#                    s_mqtt\s2w\build\..\..\..\geps\inc\modules\ -I           #
#                    E:\Gainspan\gs2011mxx_SDK_s2w_tls_tlslp_5.1.5_GA\userapp #
#                    s_mqtt\s2w\build\..\..\..\geps\inc\rtos\ -I              #
#                    E:\Gainspan\gs2011mxx_SDK_s2w_tls_tlslp_5.1.5_GA\userapp #
#                    s_mqtt\s2w\build\..\..\..\geps\inc\netx\ -I              #
#                    E:\Gainspan\gs2011mxx_SDK_s2w_tls_tlslp_5.1.5_GA\userapp #
#                    s_mqtt\s2w\build\..\..\..\geps\inc\netx\netx_bsd_layer\  #
#                    -I E:\Gainspan\gs2011mxx_SDK_s2w_tls_tlslp_5.1.5_GA\user #
#                    apps_mqtt\s2w\build\..\..\..\geps\inc\main\ -I           #
#                    E:\Gainspan\gs2011mxx_SDK_s2w_tls_tlslp_5.1.5_GA\userapp #
#                    s_mqtt\s2w\build\..\..\..\geps\inc\fs\ -I                #
#                    E:\Gainspan\gs2011mxx_SDK_s2w_tls_tlslp_5.1.5_GA\userapp #
#                    s_mqtt\s2w\build\..\..\..\geps\inc\fs\hcc\src\ -I        #
#                    E:\Gainspan\gs2011mxx_SDK_s2w_tls_tlslp_5.1.5_GA\userapp #
#                    s_mqtt\s2w\build\..\..\..\geps\inc\security\src\ -I      #
#                    E:\Gainspan\gs2011mxx_SDK_s2w_tls_tlslp_5.1.5_GA\userapp #
#                    s_mqtt\s2w\build\..\..\..\geps\inc\security\hw_engine_if #
#                    \ -I E:\Gainspan\gs2011mxx_SDK_s2w_tls_tlslp_5.1.5_GA\us #
#                    erapps_mqtt\s2w\build\..\..\..\geps\inc\security\wpa_if\ #
#                     -I E:\Gainspan\gs2011mxx_SDK_s2w_tls_tlslp_5.1.5_GA\use #
#                    rapps_mqtt\s2w\build\..\..\..\userlib\ncm\inc\ -I        #
#                    E:\Gainspan\gs2011mxx_SDK_s2w_tls_tlslp_5.1.5_GA\userapp #
#                    s_mqtt\s2w\build\..\..\..\userlib\ -I                    #
#                    E:\Gainspan\gs2011mxx_SDK_s2w_tls_tlslp_5.1.5_GA\userapp #
#                    s_mqtt\s2w\build\..\inc\ctx\ -I                          #
#                    E:\Gainspan\gs2011mxx_SDK_s2w_tls_tlslp_5.1.5_GA\userapp #
#                    s_mqtt\s2w\build\..\inc\ -I                              #
#                    E:\Gainspan\gs2011mxx_SDK_s2w_tls_tlslp_5.1.5_GA\userapp #
#                    s_mqtt\s2w\build\..\inc\main\ -I                         #
#                    E:\Gainspan\gs2011mxx_SDK_s2w_tls_tlslp_5.1.5_GA\userapp #
#                    s_mqtt\s2w\build\..\inc\hal\ -I                          #
#                    E:\Gainspan\gs2011mxx_SDK_s2w_tls_tlslp_5.1.5_GA\userapp #
#                    s_mqtt\s2w\build\..\inc\parser\ -I                       #
#                    E:\Gainspan\gs2011mxx_SDK_s2w_tls_tlslp_5.1.5_GA\userapp #
#                    s_mqtt\s2w\build\..\inc\config\ -I                       #
#                    E:\Gainspan\gs2011mxx_SDK_s2w_tls_tlslp_5.1.5_GA\userapp #
#                    s_mqtt\s2w\build\..\src\ -I                              #
#                    E:\Gainspan\gs2011mxx_SDK_s2w_tls_tlslp_5.1.5_GA\userapp #
#                    s_mqtt\s2w\build\..\..\..\adk\otafu\inc\ -I              #
#                    E:\Gainspan\gs2011mxx_SDK_s2w_tls_tlslp_5.1.5_GA\userapp #
#                    s_mqtt\s2w\build\..\..\..\adk\provisioning\inc\ -I       #
#                    E:\Gainspan\gs2011mxx_SDK_s2w_tls_tlslp_5.1.5_GA\userapp #
#                    s_mqtt\s2w\build\..\inc\mqtt\ -I                         #
#                    E:\Gainspan\gs2011mxx_SDK_s2w_tls_tlslp_5.1.5_GA\userapp #
#                    s_mqtt\s2w\build\..\src\mqtt\ -I                         #
#                    E:\Gainspan\gs2011mxx_SDK_s2w_tls_tlslp_5.1.5_GA\userapp #
#                    s_mqtt\s2w\build\..\inc\one_wire\ -I                     #
#                    E:\Gainspan\gs2011mxx_SDK_s2w_tls_tlslp_5.1.5_GA\userapp #
#                    s_mqtt\s2w\build\..\src\one_wire\ -I                     #
#                    E:\Gainspan\gs2011mxx_SDK_s2w_tls_tlslp_5.1.5_GA\userapp #
#                    s_mqtt\s2w\build\..\inc\linked_list\ -I                  #
#                    E:\Gainspan\gs2011mxx_SDK_s2w_tls_tlslp_5.1.5_GA\userapp #
#                    s_mqtt\s2w\build\..\src\linked_list\ -I                  #
#                    E:\Gainspan\gs2011mxx_SDK_s2w_tls_tlslp_5.1.5_GA\userapp #
#                    s_mqtt\s2w\build\..\inc\mqtt_main\ -I                    #
#                    E:\Gainspan\gs2011mxx_SDK_s2w_tls_tlslp_5.1.5_GA\userapp #
#                    s_mqtt\s2w\build\..\src\mqtt_main\ -I                    #
#                    E:\Gainspan\gs2011mxx_SDK_s2w_tls_tlslp_5.1.5_GA\userapp #
#                    s_mqtt\s2w\build\..\inc\mqtt_log\ -I                     #
#                    E:\Gainspan\gs2011mxx_SDK_s2w_tls_tlslp_5.1.5_GA\userapp #
#                    s_mqtt\s2w\build\..\src\mqtt_log\ -Ohz --use_c++_inline  #
#                    -I "C:\Program Files (x86)\IAR Systems\Embedded          #
#                    Workbench 6.5\arm\CMSIS\Include\"                        #
#    List file    =  E:\Gainspan\gs2011mxx_SDK_s2w_tls_tlslp_5.1.5_GA\userapp #
#                    s_mqtt\s2w\build\Debug\List\app_main.lst                 #
#    Object file  =  E:\Gainspan\gs2011mxx_SDK_s2w_tls_tlslp_5.1.5_GA\userapp #
#                    s_mqtt\s2w\build\Debug\Obj\app_main.o                    #
#                                                                             #
#                                                                             #
###############################################################################

E:\Gainspan\gs2011mxx_SDK_s2w_tls_tlslp_5.1.5_GA\userapps_mqtt\s2w\src\main\app_main.c
      1          
      2          #include "rtos/tx_api.h"
      3          #include "rtos/tx_initialize.h"
      4          #include "gsn_includes.h"

   \                                 In section .text, align 4
   \   __interwork __softfp void GSN_BOOTINFO_SET(UINT32, UINT32)
   \                     GSN_BOOTINFO_SET:
   \   00000000   0x4A01             LDR.N    R2,??GSN_BOOTINFO_SET_0  ;; 0x41010004
   \   00000002   0x6010             STR      R0,[R2, #+0]
   \   00000004   0x6051             STR      R1,[R2, #+4]
   \   00000006   0x4770             BX       LR               ;; return
   \                     ??GSN_BOOTINFO_SET_0:
   \   00000008   0x41010004         DC32     0x41010004

   \                                 In section .text, align 4
   \   __interwork __softfp void GsnRtc_RtcSramBankEn(GSN_RTC_SRAM_BANK_T)
   \                     GsnRtc_RtcSramBankEn:
   \   00000000   0x4907             LDR.N    R1,??GsnRtc_RtcSramBankEn_0  ;; 0x41000354
   \   00000002   0x680A             LDR      R2,[R1, #+0]
   \   00000004   0x43C0             MVNS     R0,R0
   \   00000006   0xF000 0x000F      AND      R0,R0,#0xF
   \   0000000A   0x0912             LSRS     R2,R2,#+4
   \   0000000C   0xEA40 0x1202      ORR      R2,R0,R2, LSL #+4
   \   00000010   0x600A             STR      R2,[R1, #+0]
   \   00000012   0x684A             LDR      R2,[R1, #+4]
   \   00000014   0x0912             LSRS     R2,R2,#+4
   \   00000016   0xEA40 0x1002      ORR      R0,R0,R2, LSL #+4
   \   0000001A   0x6048             STR      R0,[R1, #+4]
   \   0000001C   0x4770             BX       LR               ;; return
   \   0000001E   0xBF00             Nop      
   \                     ??GsnRtc_RtcSramBankEn_0:
   \   00000020   0x41000354         DC32     0x41000354

   \                                 In section .text, align 4
   \   __interwork __softfp void GsnRtc_GpioPullDownEn(UINT32)
   \                     GsnRtc_GpioPullDownEn:
   \   00000000   0x4902             LDR.N    R1,??GsnRtc_GpioPullDownEn_0  ;; 0x410003b8
   \   00000002   0x680A             LDR      R2,[R1, #+0]
   \   00000004   0x4310             ORRS     R0,R0,R2
   \   00000006   0x6008             STR      R0,[R1, #+0]
   \   00000008   0x4770             BX       LR               ;; return
   \   0000000A   0xBF00             Nop      
   \                     ??GsnRtc_GpioPullDownEn_0:
   \   0000000C   0x410003B8         DC32     0x410003b8

   \                                 In section .text, align 4
   \   __interwork __softfp void GsnRtc_CboRstClr()
   \                     GsnRtc_CboRstClr:
   \   00000000   0x4802             LDR.N    R0,??GsnRtc_CboRstClr_0  ;; 0x410001a8
   \   00000002   0x6801             LDR      R1,[R0, #+0]
   \   00000004   0xF041 0x0101      ORR      R1,R1,#0x1
   \   00000008   0x6001             STR      R1,[R0, #+0]
   \   0000000A   0x4770             BX       LR               ;; return
   \                     ??GsnRtc_CboRstClr_0:
   \   0000000C   0x410001A8         DC32     0x410001a8

   \                                 In section .text, align 4
   \   __interwork __softfp void GsnRtc_BrownOutEn(GSN_BROWNOUT_THRESHOLD_T)
   \                     GsnRtc_BrownOutEn:
   \   00000000   0x4906             LDR.N    R1,??GsnRtc_BrownOutEn_0  ;; 0x4100036c
   \   00000002   0x680A             LDR      R2,[R1, #+0]
   \   00000004   0x2201             MOVS     R2,#+1
   \   00000006   0x600A             STR      R2,[R1, #+0]
   \   00000008   0x6148             STR      R0,[R1, #+20]
   \   0000000A   0x6C48             LDR      R0,[R1, #+68]
   \   0000000C   0xF040 0x0001      ORR      R0,R0,#0x1
   \   00000010   0x6448             STR      R0,[R1, #+68]
   \   00000012   0x6C48             LDR      R0,[R1, #+68]
   \   00000014   0x0840             LSRS     R0,R0,#+1
   \   00000016   0x0040             LSLS     R0,R0,#+1
   \   00000018   0x6448             STR      R0,[R1, #+68]
   \   0000001A   0x4770             BX       LR               ;; return
   \                     ??GsnRtc_BrownOutEn_0:
   \   0000001C   0x4100036C         DC32     0x4100036c
      5          #include "app_defines.h"
      6          #include "gsn_ncm.h"
      7          #include "main/app_main_ctx.h"
      8          #include "config/app_resource_config.h"
      9          #include "app_events.h"
     10          #include "app_rtc_mem.h"
     11          #include "hal/s2w_config.h"
     12          
     13          #include "core/nvic/gsn_nvic_fpt.h"
     14          
     15          VOID
     16          APP_BootProcess();
     17          

   \                                 In section .bss, align 4
     18          GSN_SYS_STATS_T *statPtr;/*Used during debugging through debigger*/
   \                     statPtr:
   \   00000000                      DS8 4
     19          /* Define main entry point.  */
     20          

   \                                 In section .text, align 2, keep-with-next
     21          INT32
     22          App_Main()
     23          {
   \                     App_Main:
   \   00000000   0xB580             PUSH     {R7,LR}
     24            
     25          #if   defined(S2W_FS_SPI_HI_ENABLE_1) || defined(S2W_FS_SPI_HI_ENABLE)
     26            
     27            *((UINT32 *)(0x20004088)) = (UINT32)__GsnSpi0FS_Isr;
     28          
     29            *((UINT32 *)(0x2000408c)) = (UINT32)__GsnSpi0FS_Isr;
     30          
     31            *((UINT32 *)(0x20004090)) = (UINT32)__GsnSpi0FS_Isr;
     32          
     33            *((UINT32 *)(0x20004094)) = (UINT32)__GsnSpi0FS_Isr;
     34          
     35            *((UINT32 *)(0x20004098)) = (UINT32)__GsnSpi0FS_Isr;
     36          #endif
     37            
     38          #ifdef  S2W_WPS_CERTIFICATION
     39          extern int eap_peer_wsc_register_patch(void);
     40              *((UINT32 *)(0x2000533c)) = (UINT32)eap_peer_wsc_register_patch;
     41          #endif
     42              
     43          	APP_BootProcess();
   \   00000002   0x.... 0x....      BL       APP_BootProcess
     44              /* Create APP main task */
     45              AppMainCtx_Init();
   \   00000006   0x.... 0x....      BL       AppMainCtx_Init
     46          
     47              return 0;
   \   0000000A   0x2000             MOVS     R0,#+0
   \   0000000C   0xBD02             POP      {R1,PC}          ;; return
     48          }
     49          

   \                                 In section .text, align 2, keep-with-next
     50          VOID App_powerup_wlan()
     51          {
     52              GsnRtc_Ldo1Enable();
   \                     App_powerup_wlan:
   \   00000000   0x....             LDR.N    R0,??DataTable1  ;; 0x41000268
   \   00000002   0x2103             MOVS     R1,#+3
   \   00000004   0x6001             STR      R1,[R0, #+0]
     53              RTC_REG_RF_IO_CNTRL_SET(RTC,0); //may not be required
   \   00000006   0x2100             MOVS     R1,#+0
   \   00000008   0x....             LDR.N    R0,??DataTable1_1  ;; 0x41000354
   \   0000000A   0x6781             STR      R1,[R0, #+120]
     54              GsnRtc_WlanCoreEn();
   \   0000000C   0x6801             LDR      R1,[R0, #+0]
   \   0000000E   0xF021 0x0180      BIC      R1,R1,#0x80
   \   00000012   0x6001             STR      R1,[R0, #+0]
   \   00000014   0x6841             LDR      R1,[R0, #+4]
   \   00000016   0xF021 0x0180      BIC      R1,R1,#0x80
   \   0000001A   0x6041             STR      R1,[R0, #+4]
     55          }
   \   0000001C   0x4770             BX       LR               ;; return
     56          

   \                                 In section .text, align 2, keep-with-next
     57          VOID
     58          APP_BootProcess()
     59          {
   \                     APP_BootProcess:
   \   00000000   0xB570             PUSH     {R4-R6,LR}
     60          	UINT32 bootReason, bootInfo;
     61          	
     62          	RTC_CX_CLK_DIG4_ENA_CLEAR(RTC);      // PLL stuck issue??
   \   00000002   0x....             LDR.N    R0,??DataTable1_2  ;; 0x41000300
   \   00000004   0x....             LDR.N    R6,??DataTable1_3  ;; 0x41000050
   \   00000006   0x6801             LDR      R1,[R0, #+0]
   \   00000008   0x....             LDR.N    R4,??DataTable1_4  ;; 0x41000168
   \   0000000A   0xF021 0x0108      BIC      R1,R1,#0x8
   \   0000000E   0x6001             STR      R1,[R0, #+0]
     63              RTC_CX_CLK_SRC_SEL_SET(RTC, 1);
   \   00000010   0x2101             MOVS     R1,#+1
   \   00000012   0x6441             STR      R1,[R0, #+68]
     64              RTC_CX_CLK_SRC_SEL_SET(RTC, 2);
   \   00000014   0x2102             MOVS     R1,#+2
   \   00000016   0x6441             STR      R1,[R0, #+68]
     65          	if(GsnRtc_IsPorEvent())
   \   00000018   0x6830             LDR      R0,[R6, #+0]
   \   0000001A   0x07C0             LSLS     R0,R0,#+31
   \   0000001C   0xD512             BPL.N    ??APP_BootProcess_0
     66          	{
     67          		/* Enable RTC SRAM Bank 0*/
     68          		GsnRtc_RtcSramBankEn(GSN_RTC_SRAM_BANK0);
   \   0000001E   0x2001             MOVS     R0,#+1
   \   00000020   0x.... 0x....      BL       GsnRtc_RtcSramBankEn
     69          
     70          		/*set time between DCDC assertion and reset release to the core. 1.25ms */
     71          		GsnRtc_DcDcTmrValSet(APP_CFG_DCDC_TMR_VAL);
   \   00000024   0x.... 0x....      BL       ?Subroutine1
     72          
     73          		/* Enable pulldown for rtc gpio */
     74          		GsnRtc_GpioPullDownEn(0xF); 	
     75          
     76          		/* Enable BrownOut circuit*/
     77          		GsnRtc_BrownOutEn(GSN_BROWNOUT_THRESHOLD_1_4V);
   \                     ??CrossCallReturnLabel_3:
   \   00000028   0x2001             MOVS     R0,#+1
   \   0000002A   0x.... 0x....      BL       GsnRtc_BrownOutEn
     78          
     79          		/* Enable BrownOut reset */
     80          		RTC_RRH_CBO_CTL_REQ_SET(RTC);
   \   0000002E   0x.... 0x....      BL       ?Subroutine0
     81          		
     82          		APP_RtcInit(1);
     83          
     84          		/* Initial Boot */
     85          		GSN_BOOTINFO_SET(GSN_WIF_SYS_BOOT_FIRST_BOOT, 0);
   \                     ??CrossCallReturnLabel_1:
   \   00000032   0x2100             MOVS     R1,#+0
   \   00000034   0x2000             MOVS     R0,#+0
   \   00000036   0x.... 0x....      BL       GSN_BOOTINFO_SET
     86          
     87          		GsnRtc_PorEventClr();
   \   0000003A   0x6830             LDR      R0,[R6, #+0]
   \   0000003C   0x0840             LSRS     R0,R0,#+1
   \   0000003E   0x0040             LSLS     R0,R0,#+1
   \   00000040   0x6030             STR      R0,[R6, #+0]
     88          	}
   \   00000042   0xBD70             POP      {R4-R6,PC}
     89          	else
     90          	{
     91          		if (GSN_IS_RTC_RSVD_INFO_VALID())
   \                     ??APP_BootProcess_0:
   \   00000044   0x....             LDR.N    R5,??DataTable1_5  ;; 0x41010000
   \   00000046   0x6828             LDR      R0,[R5, #+0]
   \   00000048   0xF1B0 0x3F95      CMP      R0,#-1785358955
   \   0000004C   0xD120             BNE.N    ??APP_BootProcess_1
     92          		{
     93          			if((GsnRtc_IsTmrWakeUp()) && (TRUE == GSN_APP_REQ_GET()))
   \   0000004E   0x6C30             LDR      R0,[R6, #+64]
   \   00000050   0x07C0             LSLS     R0,R0,#+31
   \   00000052   0xD42A             BMI.N    ??APP_BootProcess_2
     94          			{
     95          				GSN_BOOTINFO_SET(GSN_WIF_SYS_BOOT_NORMAL_BOOT, GSN_WIF_SYS_BOOTINFO_NORMALBOOT_RTC);
     96          				GSN_APP_REQ_SET(FALSE);
     97          				GsnRtc_StbWakeUpTmrClr();
     98          				GsnRtc_CboRstClr();
     99          			}
    100          			else if((GsnRtc_IsAlarmWakeUp()) && (TRUE == GSN_APP_REQ_GET()))
   \                     ??APP_BootProcess_3:
   \   00000054   0x6A30             LDR      R0,[R6, #+32]
   \   00000056   0x....             LDR.N    R6,??DataTable1_6  ;; 0x410000d0
   \   00000058   0x6831             LDR      R1,[R6, #+0]
   \   0000005A   0x2900             CMP      R1,#+0
   \   0000005C   0xBF18             IT       NE 
   \   0000005E   0xF010 0x0F1F      TSTNE    R0,#0x1F
   \   00000062   0xD045             BEQ.N    ??APP_BootProcess_4
   \   00000064   0x68E8             LDR      R0,[R5, #+12]
   \   00000066   0x2801             CMP      R0,#+1
   \   00000068   0xD142             BNE.N    ??APP_BootProcess_4
    101          			{
    102          				APP_RTC_LATCH_MEM_INFO_T *pAppRtcLtchInfo = App_RtcLatchMemInfoPtrGet();
    103          				if(pAppRtcLtchInfo->hibernate)
   \   0000006A   0x....             LDR.N    R4,??DataTable1_7  ;; 0x410102cc
   \   0000006C   0x7820             LDRB     R0,[R4, #+0]
   \   0000006E   0x2800             CMP      R0,#+0
   \   00000070   0xD035             BEQ.N    ??APP_BootProcess_5
    104          				{
    105          					App_powerup_wlan();
   \   00000072   0x.... 0x....      BL       App_powerup_wlan
    106          					pAppRtcLtchInfo->hibernate = FALSE;
   \   00000076   0x2000             MOVS     R0,#+0
   \   00000078   0x7020             STRB     R0,[R4, #+0]
    107          					/* Enable RTC SRAM Bank 0*/
    108          					GsnRtc_RtcSramBankEn(GSN_RTC_SRAM_BANK0);
   \   0000007A   0x2001             MOVS     R0,#+1
   \   0000007C   0x.... 0x....      BL       GsnRtc_RtcSramBankEn
    109          					/* Enable BrownOut circuit*/
    110          					GsnRtc_BrownOutEn(GSN_BROWNOUT_THRESHOLD_1_4V);
   \   00000080   0x2001             MOVS     R0,#+1
   \   00000082   0x.... 0x....      BL       GsnRtc_BrownOutEn
    111          					APP_RtcInit(1);
   \   00000086   0x2001             MOVS     R0,#+1
   \   00000088   0x.... 0x....      BL       APP_RtcInit
    112          					GSN_BOOTINFO_SET(GSN_WIF_SYS_BOOT_FIRST_BOOT, 0);
   \   0000008C   0x2100             MOVS     R1,#+0
   \   0000008E   0xE027             B.N      ??APP_BootProcess_6
    113          				}
    114          				else
    115          				{
    116          					GSN_BOOTINFO_SET(GSN_WIF_SYS_BOOT_NORMAL_BOOT,GSN_WIF_SYS_BOOTINFO_NORMALBOOT_ALARM);
    117          				}
    118          				GSN_APP_REQ_SET(FALSE);
    119          				GsnRtc_AlarmStatusClr();
    120          				GsnRtc_CboRstClr();
    121          			}
    122          			else 
    123          			{
    124          				APP_RtcInit(2);
    125          				if(GsnRtc_IsAppWdWakeUp())
    126          				{
    127          					GSN_BOOTINFO_SET(GSN_WIF_SYS_BOOT_WATCHDOG_BOOT, GSN_WIF_SYS_BOOTINFO_WDOG_RESET_APP);
    128          					GsnRtc_WDogRstClr();
    129          				}
    130          				else if(GsnRtc_IsAcm3Airc())
    131          				{
    132          					GSN_BOOTINFO_SET(GSN_WIF_SYS_BOOT_DBG_BOOT, 0);
    133          					GsnRtc_Acm3AircClr();
    134          				}
    135          				else if(GsnRtc_IsFwCyptoRst())
    136          				{
    137          					GSN_BOOTINFO_SET(GSN_WIF_SYS_BOOT_CRYPTO_SW_BOOT, 0);
    138          					GsnRtc_FwCryptoRstClr();
    139          				}
    140          				else if(GsnRtc_IsCboRst())
    141          				{
    142          					GSN_BOOTINFO_SET(GSN_WIF_SYS_BOOT_CORE_BROWNOUT_BOOT, 0);
    143          					GsnRtc_CboRstClr();
    144          				}
    145          				else if(GsnRtc_IsWcm3Airc())
    146          				{
    147          					GSN_BOOTINFO_SET(GSN_WIF_SYS_BOOT_SW_RESET_BOOT, 0);
    148          					GsnRtc_Wcm3AircClr();
    149          				}
    150          				else if(GsnRtc_IsPorRst())
    151          				{
    152          					GSN_BOOTINFO_SET(GSN_WIF_SYS_BOOT_CORE_BROWNOUT_BOOT, 0);
    153          					GsnRtc_PorRstClr();
    154          				}
    155          				else
    156          				{
    157          					/* Reset Boot */
    158          					if(TRUE == GSN_APP_REQ_GET())
    159          					{
    160          						bootReason = GSN_BOOT_REASON_GET();
    161          						bootInfo = GSN_BOOT_INFO_GET();
    162          
    163          						GSN_BOOTINFO_SET(bootReason, bootInfo);
    164          						GsnRtc_FwAppRstClr();
    165          						GSN_APP_REQ_SET(FALSE);
    166          					}
    167          					else
    168          					{
    169          						APP_RtcInit(2);    //Don't reset system info. bug id: 5819.
    170          						GSN_BOOTINFO_SET(GSN_WIF_SYS_BOOT_EXT_RESET_BOOT, 0);
    171          					}
    172          				}
    173          			}
    174          		}
    175          		else
    176          		{
    177          			/*Enable RTC SRAM Bank 0*/
    178          			GsnRtc_RtcSramBankEn(GSN_RTC_SRAM_BANK0);
   \                     ??APP_BootProcess_1:
   \   00000090   0x2001             MOVS     R0,#+1
   \   00000092   0x.... 0x....      BL       GsnRtc_RtcSramBankEn
    179          
    180          			/*set time between DCDC assertion and reset release to the core. 1.25ms */
    181          			GsnRtc_DcDcTmrValSet(APP_CFG_DCDC_TMR_VAL);
   \   00000096   0x.... 0x....      BL       ?Subroutine1
    182          			GsnRtc_GpioPullDownEn(0xF); 	//Enable pulldown for rtc gpio
    183          
    184          			/* Enable BrownOut */
    185          			GsnRtc_BrownOutEn(GSN_BROWNOUT_THRESHOLD_1_4V);
   \                     ??CrossCallReturnLabel_2:
   \   0000009A   0x2001             MOVS     R0,#+1
   \   0000009C   0x.... 0x....      BL       GsnRtc_BrownOutEn
    186          
    187          			/* Enable BrownOut reset */
    188          			RTC_RRH_CBO_CTL_REQ_SET(RTC);
   \   000000A0   0x.... 0x....      BL       ?Subroutine0
    189          
    190          			APP_RtcInit(1);
    191          
    192          			/* Initial Boot */
    193          			GSN_BOOTINFO_SET(GSN_WIF_SYS_BOOT_FIRST_BOOT, 0);
   \                     ??CrossCallReturnLabel_0:
   \   000000A4   0x2100             MOVS     R1,#+0
   \   000000A6   0x2000             MOVS     R0,#+0
   \   000000A8   0xE07D             B.N      ??APP_BootProcess_7
   \                     ??APP_BootProcess_2:
   \   000000AA   0x6A30             LDR      R0,[R6, #+32]
   \   000000AC   0x0640             LSLS     R0,R0,#+25
   \   000000AE   0xD5D1             BPL.N    ??APP_BootProcess_3
   \   000000B0   0x68E8             LDR      R0,[R5, #+12]
   \   000000B2   0x2801             CMP      R0,#+1
   \   000000B4   0xD1CE             BNE.N    ??APP_BootProcess_3
   \   000000B6   0x2100             MOVS     R1,#+0
   \   000000B8   0x.... 0x....      BL       GSN_BOOTINFO_SET
   \   000000BC   0x2000             MOVS     R0,#+0
   \   000000BE   0x60E8             STR      R0,[R5, #+12]
   \   000000C0   0xF04F 0x30FF      MOV      R0,#-1
   \   000000C4   0x63B0             STR      R0,[R6, #+56]
   \   000000C6   0xF64F 0x70FF      MOVW     R0,#+65535
   \   000000CA   0x63F0             STR      R0,[R6, #+60]
   \   000000CC   0x6C70             LDR      R0,[R6, #+68]
   \   000000CE   0x0840             LSRS     R0,R0,#+1
   \   000000D0   0x0040             LSLS     R0,R0,#+1
   \   000000D2   0x6470             STR      R0,[R6, #+68]
   \   000000D4   0x6CB0             LDR      R0,[R6, #+72]
   \   000000D6   0xF040 0x0001      ORR      R0,R0,#0x1
   \   000000DA   0x64B0             STR      R0,[R6, #+72]
   \   000000DC   0xE035             B.N      ??APP_BootProcess_8
   \                     ??APP_BootProcess_5:
   \   000000DE   0x2101             MOVS     R1,#+1
   \                     ??APP_BootProcess_6:
   \   000000E0   0x4608             MOV      R0,R1
   \   000000E2   0x.... 0x....      BL       GSN_BOOTINFO_SET
   \   000000E6   0x2000             MOVS     R0,#+0
   \   000000E8   0x60E8             STR      R0,[R5, #+12]
   \   000000EA   0x6830             LDR      R0,[R6, #+0]
   \   000000EC   0x60B0             STR      R0,[R6, #+8]
   \   000000EE   0xE02C             B.N      ??APP_BootProcess_8
   \                     ??APP_BootProcess_4:
   \   000000F0   0x2002             MOVS     R0,#+2
   \   000000F2   0x.... 0x....      BL       APP_RtcInit
   \   000000F6   0x6BA0             LDR      R0,[R4, #+56]
   \   000000F8   0x07C0             LSLS     R0,R0,#+31
   \   000000FA   0xD508             BPL.N    ??APP_BootProcess_9
   \   000000FC   0x2102             MOVS     R1,#+2
   \   000000FE   0x2003             MOVS     R0,#+3
   \   00000100   0x.... 0x....      BL       GSN_BOOTINFO_SET
   \   00000104   0x6BA0             LDR      R0,[R4, #+56]
   \   00000106   0xF040 0x0001      ORR      R0,R0,#0x1
   \   0000010A   0x63A0             STR      R0,[R4, #+56]
   \   0000010C   0xBD70             POP      {R4-R6,PC}
   \                     ??APP_BootProcess_9:
   \   0000010E   0x6AA0             LDR      R0,[R4, #+40]
   \   00000110   0xB140             CBZ.N    R0,??APP_BootProcess_10
   \   00000112   0x2100             MOVS     R1,#+0
   \   00000114   0x2007             MOVS     R0,#+7
   \   00000116   0x.... 0x....      BL       GSN_BOOTINFO_SET
   \   0000011A   0x6AA0             LDR      R0,[R4, #+40]
   \   0000011C   0xF040 0x0001      ORR      R0,R0,#0x1
   \   00000120   0x62A0             STR      R0,[R4, #+40]
   \   00000122   0xBD70             POP      {R4-R6,PC}
   \                     ??APP_BootProcess_10:
   \   00000124   0x6920             LDR      R0,[R4, #+16]
   \   00000126   0x07C0             LSLS     R0,R0,#+31
   \   00000128   0xD508             BPL.N    ??APP_BootProcess_11
   \   0000012A   0x2100             MOVS     R1,#+0
   \   0000012C   0x200B             MOVS     R0,#+11
   \   0000012E   0x.... 0x....      BL       GSN_BOOTINFO_SET
   \   00000132   0x6920             LDR      R0,[R4, #+16]
   \   00000134   0xF040 0x0001      ORR      R0,R0,#0x1
   \   00000138   0x6120             STR      R0,[R4, #+16]
   \   0000013A   0xBD70             POP      {R4-R6,PC}
   \                     ??APP_BootProcess_11:
   \   0000013C   0x6C20             LDR      R0,[R4, #+64]
   \   0000013E   0x07C0             LSLS     R0,R0,#+31
   \   00000140   0xD507             BPL.N    ??APP_BootProcess_12
   \   00000142   0x2100             MOVS     R1,#+0
   \   00000144   0x200A             MOVS     R0,#+10
   \   00000146   0x.... 0x....      BL       GSN_BOOTINFO_SET
   \                     ??APP_BootProcess_8:
   \   0000014A   0xE8BD 0x4070      POP      {R4-R6,LR}
   \   0000014E   0x.... 0x....      B.W      GsnRtc_CboRstClr
   \                     ??APP_BootProcess_12:
   \   00000152   0x6B20             LDR      R0,[R4, #+48]
   \   00000154   0xB140             CBZ.N    R0,??APP_BootProcess_13
   \   00000156   0x2100             MOVS     R1,#+0
   \   00000158   0x2004             MOVS     R0,#+4
   \   0000015A   0x.... 0x....      BL       GSN_BOOTINFO_SET
   \   0000015E   0x6B20             LDR      R0,[R4, #+48]
   \   00000160   0xF040 0x0001      ORR      R0,R0,#0x1
   \   00000164   0x6320             STR      R0,[R4, #+48]
   \   00000166   0xBD70             POP      {R4-R6,PC}
   \                     ??APP_BootProcess_13:
   \   00000168   0x69A0             LDR      R0,[R4, #+24]
   \   0000016A   0x07C0             LSLS     R0,R0,#+31
   \   0000016C   0xD508             BPL.N    ??APP_BootProcess_14
   \   0000016E   0x2100             MOVS     R1,#+0
   \   00000170   0x200A             MOVS     R0,#+10
   \   00000172   0x.... 0x....      BL       GSN_BOOTINFO_SET
   \   00000176   0x69A0             LDR      R0,[R4, #+24]
   \   00000178   0xF040 0x0001      ORR      R0,R0,#0x1
   \   0000017C   0x61A0             STR      R0,[R4, #+24]
   \   0000017E   0xBD70             POP      {R4-R6,PC}
   \                     ??APP_BootProcess_14:
   \   00000180   0x68E8             LDR      R0,[R5, #+12]
   \   00000182   0x2801             CMP      R0,#+1
   \   00000184   0xD10A             BNE.N    ??APP_BootProcess_15
   \   00000186   0x68A9             LDR      R1,[R5, #+8]
   \   00000188   0x6868             LDR      R0,[R5, #+4]
   \   0000018A   0x.... 0x....      BL       GSN_BOOTINFO_SET
   \   0000018E   0x6820             LDR      R0,[R4, #+0]
   \   00000190   0xF040 0x0001      ORR      R0,R0,#0x1
   \   00000194   0x6020             STR      R0,[R4, #+0]
   \   00000196   0x2000             MOVS     R0,#+0
   \   00000198   0x60E8             STR      R0,[R5, #+12]
   \   0000019A   0xBD70             POP      {R4-R6,PC}
   \                     ??APP_BootProcess_15:
   \   0000019C   0x2002             MOVS     R0,#+2
   \   0000019E   0x.... 0x....      BL       APP_RtcInit
   \   000001A2   0x2100             MOVS     R1,#+0
   \   000001A4   0x2006             MOVS     R0,#+6
   \                     ??APP_BootProcess_7:
   \   000001A6   0xE8BD 0x4070      POP      {R4-R6,LR}
   \   000001AA   0x.... 0x....      B.W      GSN_BOOTINFO_SET
    194          		}
    195          	}
    196          	return;
    197          }

   \                                 In section .text, align 2, keep-with-next
   \                     ?Subroutine1:
   \   00000000   0x2029             MOVS     R0,#+41
   \   00000002   0x6170             STR      R0,[R6, #+20]
   \   00000004   0x200F             MOVS     R0,#+15
   \   00000006   0x.... 0x....      B.W      GsnRtc_GpioPullDownEn

   \                                 In section .text, align 2, keep-with-next
   \                     ?Subroutine0:
   \   00000000   0x6C60             LDR      R0,[R4, #+68]
   \   00000002   0xF040 0x0001      ORR      R0,R0,#0x1
   \   00000006   0x6460             STR      R0,[R4, #+68]
   \   00000008   0x2001             MOVS     R0,#+1
   \   0000000A   0x.... 0x....      B.W      APP_RtcInit

   \                                 In section .text, align 4, keep-with-next
   \                     ??DataTable1:
   \   00000000   0x41000268         DC32     0x41000268

   \                                 In section .text, align 4, keep-with-next
   \                     ??DataTable1_1:
   \   00000000   0x41000354         DC32     0x41000354

   \                                 In section .text, align 4, keep-with-next
   \                     ??DataTable1_2:
   \   00000000   0x41000300         DC32     0x41000300

   \                                 In section .text, align 4, keep-with-next
   \                     ??DataTable1_3:
   \   00000000   0x41000050         DC32     0x41000050

   \                                 In section .text, align 4, keep-with-next
   \                     ??DataTable1_4:
   \   00000000   0x41000168         DC32     0x41000168

   \                                 In section .text, align 4, keep-with-next
   \                     ??DataTable1_5:
   \   00000000   0x41010000         DC32     0x41010000

   \                                 In section .text, align 4, keep-with-next
   \                     ??DataTable1_6:
   \   00000000   0x410000D0         DC32     0x410000d0

   \                                 In section .text, align 4, keep-with-next
   \                     ??DataTable1_7:
   \   00000000   0x410102CC         DC32     0x410102cc
    198          

   Maximum stack usage in bytes:

   .cstack Function
   ------- --------
      16   APP_BootProcess
        16   -> APP_RtcInit
        16   -> App_powerup_wlan
         0   -> GSN_BOOTINFO_SET
        16   -> GSN_BOOTINFO_SET
        16   -> GsnRtc_BrownOutEn
         0   -> GsnRtc_CboRstClr
        16   -> GsnRtc_GpioPullDownEn
        16   -> GsnRtc_RtcSramBankEn
       8   App_Main
         8   -> APP_BootProcess
         8   -> AppMainCtx_Init
       0   App_powerup_wlan
       0   GSN_BOOTINFO_SET
       0   GsnRtc_BrownOutEn
       0   GsnRtc_CboRstClr
       0   GsnRtc_GpioPullDownEn
       0   GsnRtc_RtcSramBankEn


   Section sizes:

   Bytes  Function/Label
   -----  --------------
       4  ??DataTable1
       4  ??DataTable1_1
       4  ??DataTable1_2
       4  ??DataTable1_3
       4  ??DataTable1_4
       4  ??DataTable1_5
       4  ??DataTable1_6
       4  ??DataTable1_7
      14  ?Subroutine0
      10  ?Subroutine1
     430  APP_BootProcess
      14  App_Main
      30  App_powerup_wlan
      12  GSN_BOOTINFO_SET
      32  GsnRtc_BrownOutEn
      16  GsnRtc_CboRstClr
      16  GsnRtc_GpioPullDownEn
      36  GsnRtc_RtcSramBankEn
       4  statPtr

 
   4 bytes in section .bss
 642 bytes in section .text
 
 530 bytes of CODE memory (+ 112 bytes shared)
   4 bytes of DATA memory

Errors: none
Warnings: none
