###############################################################################
#                                                                             #
# IAR ANSI C/C++ Compiler V6.50.6.4896/W32 for ARM      19/Nov/2015  15:13:07 #
# Copyright 1999-2013 IAR Systems AB.                                         #
#                                                                             #
#    Cpu mode     =  thumb                                                    #
#    Endian       =  little                                                   #
#    Source file  =  E:\Gainspan\gs2011mxx_SDK_s2w_tls_tlslp_5.1.5_GA\userapp #
#                    s_mqtt\s2w\src\hal\s2w_os_gainspan.c                     #
#    Command line =  E:\Gainspan\gs2011mxx_SDK_s2w_tls_tlslp_5.1.5_GA\userapp #
#                    s_mqtt\s2w\src\hal\s2w_os_gainspan.c -D                  #
#                    TX_ENABLE_IAR_LIBRARY_SUPPORT -D IAR -D FIXED_ROM_BUILD  #
#                    -D RUN_ALL_FROM_FLASH -D TM_USE_HTTPD -D S2W_DNS_CLIENT  #
#                    -D NX_INCLUDE_USER_DEFINE_FILE -D S2W_WEB_FS_AVAILABLE   #
#                    -D S2W_EXTFLASH_DRIVER_TEST -D S2W_PWM_SUPPORT -D        #
#                    S2W_MEM_ACCESS -D S2W_FORCE_UART_PORT -D                 #
#                    S2W_EXT_FLASH_FWUP_PUSH_METHOD -D                        #
#                    S2W_NCM_SUPPORT_ENABLE -D S2W_SECURITY_ENTERPRISE_PEAP_V #
#                    0_AVAILABLE -D S2W_EXT_FLASH_FWUP_PULL_METHOD -D         #
#                    S2W_SECURITY_ENTERPRISE_TLS_AVAILABLE -D                 #
#                    S2W_DNS_SERVER_ENABLE -D ADK_OTAFU -D S2W_GSLINK_RAW -D  #
#                    S2W_GSLINK_XML -D S2W_SECURITY_ENTERPRISE_PEAP_V1_AVAILA #
#                    BLE -D S2W_PING_TRACE -D S2W_RF_TEST -D                  #
#                    S2W_SSL_CLIENT_SUPPORT -D S2W_DEFAULT_UART_PARITY=0 -D   #
#                    S2W_DHCP_SERVER_ENABLE -D S2W_SECURITY_WPS_ENABLE -D     #
#                    ADK_PROV_CONFIG_LIMITED_AP -D S2W_WEB_SERVER -D          #
#                    ADK_PROV -D S2W_DEFAULT_UART_SW_FLOW=0 -D                #
#                    S2W_FILE_UPLOAD_API -D S2W_COAP_SUPPORT -D               #
#                    S2W_HTTPD_SSLCERT_UPLOAD -D                              #
#                    S2W_DEFAULT_UART_STOP_BITS=0 -D S2W_FACT_IMAGE_REQ -D    #
#                    S2W_DEFAULT_UART_BAUD=9600 -D S2W_ASYNC_MSG -D           #
#                    S2W_HTTPS_SUPPORT -D S2W_DEFAULT_UART_HW_FLOW=0 -D       #
#                    S2W_SECURITY_ENTERPRISE_FAST_GTC_AVAILABLE -D            #
#                    S2W_WEB_PROV -D S2W_UNASSOC_TXRX_SUPPORT -D S2W_SNTP -D  #
#                    S2W_UART_ENABLE -D S2W_GSLINK_XMLNESTED_PARSER -D        #
#                    S2W_GSLINK -D S2W_SECURITY_ENTERPRISE_TTLS_AVAILABLE -D  #
#                    S2W_ADC_SUPPORT -D S2W_HTTPC_SUPPORT -D                  #
#                    S2W_SECURITY_ENTERPRISE_FAST_MSCHAPV2_AVAILABLE -D       #
#                    S2W_SSL_SERVER_SUPPORT -D ADK_PROV_CONFIG_CLIENT -D      #
#                    S2W_DEFAULT_UART_BITS_PER_CHAR=3 -D S2W_MDNS_ENABLE -lC  #
#                    E:\Gainspan\gs2011mxx_SDK_s2w_tls_tlslp_5.1.5_GA\userapp #
#                    s_mqtt\s2w\build\Debug\List\ -lA                         #
#                    E:\Gainspan\gs2011mxx_SDK_s2w_tls_tlslp_5.1.5_GA\userapp #
#                    s_mqtt\s2w\build\Debug\List\ --diag_suppress             #
#                    Pa050,Pe231,Pe177 -o E:\Gainspan\gs2011mxx_SDK_s2w_tls_t #
#                    lslp_5.1.5_GA\userapps_mqtt\s2w\build\Debug\Obj\         #
#                    --debug --endian=little --cpu=Cortex-M3 -e --fpu=None    #
#                    --dlib_config "C:\Program Files (x86)\IAR                #
#                    Systems\Embedded Workbench 6.5\arm\INC\c\DLib_Config_Ful #
#                    l.h" -I E:\Gainspan\gs2011mxx_SDK_s2w_tls_tlslp_5.1.5_GA #
#                    \userapps_mqtt\s2w\build\..\..\..\geps\inc\ -I           #
#                    E:\Gainspan\gs2011mxx_SDK_s2w_tls_tlslp_5.1.5_GA\userapp #
#                    s_mqtt\s2w\build\..\..\..\geps\inc\core\ -I              #
#                    E:\Gainspan\gs2011mxx_SDK_s2w_tls_tlslp_5.1.5_GA\userapp #
#                    s_mqtt\s2w\build\..\..\..\geps\inc\drivers\ -I           #
#                    E:\Gainspan\gs2011mxx_SDK_s2w_tls_tlslp_5.1.5_GA\userapp #
#                    s_mqtt\s2w\build\..\..\..\geps\inc\modules\ -I           #
#                    E:\Gainspan\gs2011mxx_SDK_s2w_tls_tlslp_5.1.5_GA\userapp #
#                    s_mqtt\s2w\build\..\..\..\geps\inc\rtos\ -I              #
#                    E:\Gainspan\gs2011mxx_SDK_s2w_tls_tlslp_5.1.5_GA\userapp #
#                    s_mqtt\s2w\build\..\..\..\geps\inc\netx\ -I              #
#                    E:\Gainspan\gs2011mxx_SDK_s2w_tls_tlslp_5.1.5_GA\userapp #
#                    s_mqtt\s2w\build\..\..\..\geps\inc\netx\netx_bsd_layer\  #
#                    -I E:\Gainspan\gs2011mxx_SDK_s2w_tls_tlslp_5.1.5_GA\user #
#                    apps_mqtt\s2w\build\..\..\..\geps\inc\main\ -I           #
#                    E:\Gainspan\gs2011mxx_SDK_s2w_tls_tlslp_5.1.5_GA\userapp #
#                    s_mqtt\s2w\build\..\..\..\geps\inc\fs\ -I                #
#                    E:\Gainspan\gs2011mxx_SDK_s2w_tls_tlslp_5.1.5_GA\userapp #
#                    s_mqtt\s2w\build\..\..\..\geps\inc\fs\hcc\src\ -I        #
#                    E:\Gainspan\gs2011mxx_SDK_s2w_tls_tlslp_5.1.5_GA\userapp #
#                    s_mqtt\s2w\build\..\..\..\geps\inc\security\src\ -I      #
#                    E:\Gainspan\gs2011mxx_SDK_s2w_tls_tlslp_5.1.5_GA\userapp #
#                    s_mqtt\s2w\build\..\..\..\geps\inc\security\hw_engine_if #
#                    \ -I E:\Gainspan\gs2011mxx_SDK_s2w_tls_tlslp_5.1.5_GA\us #
#                    erapps_mqtt\s2w\build\..\..\..\geps\inc\security\wpa_if\ #
#                     -I E:\Gainspan\gs2011mxx_SDK_s2w_tls_tlslp_5.1.5_GA\use #
#                    rapps_mqtt\s2w\build\..\..\..\userlib\ncm\inc\ -I        #
#                    E:\Gainspan\gs2011mxx_SDK_s2w_tls_tlslp_5.1.5_GA\userapp #
#                    s_mqtt\s2w\build\..\..\..\userlib\ -I                    #
#                    E:\Gainspan\gs2011mxx_SDK_s2w_tls_tlslp_5.1.5_GA\userapp #
#                    s_mqtt\s2w\build\..\inc\ctx\ -I                          #
#                    E:\Gainspan\gs2011mxx_SDK_s2w_tls_tlslp_5.1.5_GA\userapp #
#                    s_mqtt\s2w\build\..\inc\ -I                              #
#                    E:\Gainspan\gs2011mxx_SDK_s2w_tls_tlslp_5.1.5_GA\userapp #
#                    s_mqtt\s2w\build\..\inc\main\ -I                         #
#                    E:\Gainspan\gs2011mxx_SDK_s2w_tls_tlslp_5.1.5_GA\userapp #
#                    s_mqtt\s2w\build\..\inc\hal\ -I                          #
#                    E:\Gainspan\gs2011mxx_SDK_s2w_tls_tlslp_5.1.5_GA\userapp #
#                    s_mqtt\s2w\build\..\inc\parser\ -I                       #
#                    E:\Gainspan\gs2011mxx_SDK_s2w_tls_tlslp_5.1.5_GA\userapp #
#                    s_mqtt\s2w\build\..\inc\config\ -I                       #
#                    E:\Gainspan\gs2011mxx_SDK_s2w_tls_tlslp_5.1.5_GA\userapp #
#                    s_mqtt\s2w\build\..\src\ -I                              #
#                    E:\Gainspan\gs2011mxx_SDK_s2w_tls_tlslp_5.1.5_GA\userapp #
#                    s_mqtt\s2w\build\..\..\..\adk\otafu\inc\ -I              #
#                    E:\Gainspan\gs2011mxx_SDK_s2w_tls_tlslp_5.1.5_GA\userapp #
#                    s_mqtt\s2w\build\..\..\..\adk\provisioning\inc\ -I       #
#                    E:\Gainspan\gs2011mxx_SDK_s2w_tls_tlslp_5.1.5_GA\userapp #
#                    s_mqtt\s2w\build\..\inc\mqtt\ -I                         #
#                    E:\Gainspan\gs2011mxx_SDK_s2w_tls_tlslp_5.1.5_GA\userapp #
#                    s_mqtt\s2w\build\..\src\mqtt\ -I                         #
#                    E:\Gainspan\gs2011mxx_SDK_s2w_tls_tlslp_5.1.5_GA\userapp #
#                    s_mqtt\s2w\build\..\inc\one_wire\ -I                     #
#                    E:\Gainspan\gs2011mxx_SDK_s2w_tls_tlslp_5.1.5_GA\userapp #
#                    s_mqtt\s2w\build\..\src\one_wire\ -I                     #
#                    E:\Gainspan\gs2011mxx_SDK_s2w_tls_tlslp_5.1.5_GA\userapp #
#                    s_mqtt\s2w\build\..\inc\linked_list\ -I                  #
#                    E:\Gainspan\gs2011mxx_SDK_s2w_tls_tlslp_5.1.5_GA\userapp #
#                    s_mqtt\s2w\build\..\src\linked_list\ -I                  #
#                    E:\Gainspan\gs2011mxx_SDK_s2w_tls_tlslp_5.1.5_GA\userapp #
#                    s_mqtt\s2w\build\..\inc\mqtt_main\ -I                    #
#                    E:\Gainspan\gs2011mxx_SDK_s2w_tls_tlslp_5.1.5_GA\userapp #
#                    s_mqtt\s2w\build\..\src\mqtt_main\ -I                    #
#                    E:\Gainspan\gs2011mxx_SDK_s2w_tls_tlslp_5.1.5_GA\userapp #
#                    s_mqtt\s2w\build\..\inc\mqtt_log\ -I                     #
#                    E:\Gainspan\gs2011mxx_SDK_s2w_tls_tlslp_5.1.5_GA\userapp #
#                    s_mqtt\s2w\build\..\src\mqtt_log\ -Ohz --use_c++_inline  #
#                    -I "C:\Program Files (x86)\IAR Systems\Embedded          #
#                    Workbench 6.5\arm\CMSIS\Include\"                        #
#    List file    =  E:\Gainspan\gs2011mxx_SDK_s2w_tls_tlslp_5.1.5_GA\userapp #
#                    s_mqtt\s2w\build\Debug\List\s2w_os_gainspan.lst          #
#    Object file  =  E:\Gainspan\gs2011mxx_SDK_s2w_tls_tlslp_5.1.5_GA\userapp #
#                    s_mqtt\s2w\build\Debug\Obj\s2w_os_gainspan.o             #
#                                                                             #
#                                                                             #
###############################################################################

E:\Gainspan\gs2011mxx_SDK_s2w_tls_tlslp_5.1.5_GA\userapps_mqtt\s2w\src\hal\s2w_os_gainspan.c
      1          /*****************************************************************
      2           *
      3          *               COPYRIGHT (c) 2012-2013 GainSpan Corporation
      4          *                         All Rights Reserved
      5          *
      6          * The source code contained or described herein and all documents
      7          * related to the source code ("Material") are owned by GainSpan
      8          * Corporation or its licensors.  Title to the Material remains
      9          * with GainSpan Corporation or its suppliers and licensors.
     10          *
     11          * The Material is protected by worldwide copyright and trade secret
     12          * laws and treaty provisions. No part of the Material may be used,
     13          * copied, reproduced, modified, published, uploaded, posted, transmitted,
     14          * distributed, or disclosed in any way except in accordance with the
     15          * applicable license agreement.
     16          *
     17          * No license under any patent, copyright, trade secret or other
     18          * intellectual property right is granted to or conferred upon you by
     19          * disclosure or delivery of the Materials, either expressly, by
     20          * implication, inducement, estoppel, except in accordance with the
     21          * applicable license agreement.
     22          *
     23          * Unless otherwise agreed by GainSpan in writing, you may not remove or
     24          * alter this notice or any other notice embedded in Materials by GainSpan
     25          * or GainSpan's suppliers or licensors in any way.
     26          *
     27          * $RCSfile: s2w_os_gainspan.c,v $
     28          *
     29          * Description : s2w GEPS interface file
     30          ******************************************************************/
     31          
     32          
     33          /*****************************************************************
     34            * File Inclusions
     35            *****************************************************************/
     36          #include "gsn_includes.h"
     37          #include "hal/s2w.h"
     38          #include "hal/s2w_types.h"
     39          #include "hal/s2w_timer.h"
     40          
     41          /*****************************************************************************
     42            *  Private Variables
     43            *****************************************************************************/
     44          
     45          /*****************************************************************************
     46            *  Private Functions
     47            *****************************************************************************/
     48          
     49          PRIVATE INLINE ULONG64 AppS2wHal_TimeoutToTsync(UINT32 timeout);
     50          
     51          
     52          /*****************************************************************************
     53            *  Public Functions
     54            *****************************************************************************/
     55          
     56          /**
     57           ******************************************************************
     58           * @ingroup S2w-Application
     59           * @brief S2w Timer init function.
     60           *    This function initialize the s2w timer.
     61           * @param timer   - IN Pointer to the timer handler.
     62           * @param handler - IN Timeout call back function.
     63           * @param data    - IN Pointer to the buffer which is the argument to
     64           *        timeout callback function.
     65           * @retval VOID
     66           ******************************************************************/
     67          

   \                                 In section .text, align 2, keep-with-next
     68          PUBLIC VOID
     69          AppS2wHal_TimerInit(S2W_TIMER_T * timer, VOID (*handler) (VOID *), VOID *data)
     70          {
     71              S2W_ASSERT(handler != NULL);
     72          
     73              //memset(&timer->timer, 0, sizeof(S2W_TIMER_T));
     74              timer->timeout = 0;
   \                     AppS2wHal_TimerInit:
   \   00000000   0x2300             MOVS     R3,#+0
   \   00000002   0x6043             STR      R3,[R0, #+4]
     75              timer->handler = handler;
   \   00000004   0x6081             STR      R1,[R0, #+8]
     76              timer->data = data;
   \   00000006   0x60C2             STR      R2,[R0, #+12]
     77              timer->handle = NULL;
   \   00000008   0x6303             STR      R3,[R0, #+48]
     78          }
   \   0000000A   0x4770             BX       LR               ;; return
     79          
     80          
     81          /**
     82           ******************************************************************
     83           * @ingroup S2w-Application
     84           * @brief S2w Timer start function.
     85           *    This function start the timer specified.
     86           * @param timer  - IN Pointer to the timer handler.
     87           * @param timeout- IN Timer expiry value,
     88           * @retval VOID
     89           ******************************************************************/

   \                                 In section .text, align 2, keep-with-next
     90          PUBLIC VOID
     91          AppS2wHal_TimerStart(S2W_TIMER_T * timer, UINT32 timeout)
     92          {
   \                     AppS2wHal_TimerStart:
   \   00000000   0xB5D0             PUSH     {R4,R6,R7,LR}
   \   00000002   0xB086             SUB      SP,SP,#+24
   \   00000004   0x4606             MOV      R6,R0
   \   00000006   0x000F             MOVS     R7,R1
     93              if (timeout == 0)
   \   00000008   0xD020             BEQ.N    ??AppS2wHal_TimerStart_0
     94              {
     95                  return;
     96              }
     97          
     98              if (timer->handle)
   \   0000000A   0x6B30             LDR      R0,[R6, #+48]
   \   0000000C   0xF240 0x1447      MOVW     R4,#+327
   \   00000010   0xB150             CBZ.N    R0,??AppS2wHal_TimerStart_1
     99              {
    100                  if (timer->timeout == timeout)
   \   00000012   0x6872             LDR      R2,[R6, #+4]
   \   00000014   0x42BA             CMP      R2,R7
   \   00000016   0xD105             BNE.N    ??AppS2wHal_TimerStart_2
    101                  {
    102                      timer->handle = GsnSoftTmr_Start(&timer->timer,
    103                                      GSN_SOFT_TMR_ONESHOT,0,
    104                      AppS2wHal_TimeoutToTsync(timer->timeout),
    105                      (GSN_SOFT_TMR_CBR_T) timer->handler, timer->data);
   \   00000018   0x68F0             LDR      R0,[R6, #+12]
   \   0000001A   0x9003             STR      R0,[SP, #+12]
   \   0000001C   0x68B0             LDR      R0,[R6, #+8]
   \   0000001E   0x9002             STR      R0,[SP, #+8]
   \   00000020   0x4610             MOV      R0,R2
   \   00000022   0xE007             B.N      ??AppS2wHal_TimerStart_3
    106                      return;
    107                  }
    108                  else
    109                  {
    110                      GsnSoftTmr_Stop(timer->handle);
   \                     ??AppS2wHal_TimerStart_2:
   \   00000024   0x.... 0x....      BL       GsnSoftTmr_Stop
    111                  }
    112              }
    113          
    114              timer->timeout = timeout;
   \                     ??AppS2wHal_TimerStart_1:
   \   00000028   0x6077             STR      R7,[R6, #+4]
    115          
    116              timer->handle = GsnSoftTmr_Start(&timer->timer,
    117                                 GSN_SOFT_TMR_ONESHOT,0,
    118              AppS2wHal_TimeoutToTsync(timer->timeout),
    119                                (GSN_SOFT_TMR_CBR_T) timer->handler, timer->data);
   \   0000002A   0x68F0             LDR      R0,[R6, #+12]
   \   0000002C   0x9003             STR      R0,[SP, #+12]
   \   0000002E   0x68B0             LDR      R0,[R6, #+8]
   \   00000030   0x9002             STR      R0,[SP, #+8]
   \   00000032   0x6870             LDR      R0,[R6, #+4]
   \                     ??AppS2wHal_TimerStart_3:
   \   00000034   0xFBA4 0x2300      UMULL    R2,R3,R4,R0
   \   00000038   0xE9CD 0x2300      STRD     R2,R3,[SP, #+0]
   \   0000003C   0x2100             MOVS     R1,#+0
   \   0000003E   0x2200             MOVS     R2,#+0
   \   00000040   0x460B             MOV      R3,R1
   \   00000042   0xF106 0x0010      ADD      R0,R6,#+16
   \   00000046   0x.... 0x....      BL       GsnSoftTmr_Start
   \   0000004A   0x6330             STR      R0,[R6, #+48]
    120          }
   \                     ??AppS2wHal_TimerStart_0:
   \   0000004C   0xB006             ADD      SP,SP,#+24
   \   0000004E   0xBDD0             POP      {R4,R6,R7,PC}    ;; return
    121          
    122          
    123          /**
    124           ******************************************************************
    125           * @ingroup S2w-Application
    126           * @brief S2w Timer stop function.
    127           *    This function stop the timer specified.
    128           * @param timer - IN Pointer to the timer handler.
    129           * @retval VOID
    130           ******************************************************************/

   \                                 In section .text, align 2, keep-with-next
    131          PUBLIC GSN_STATUS
    132          AppS2wHal_TimerStop(S2W_TIMER_T * timer)
    133          {
    134              return GsnSoftTmr_Stop(timer->handle);
   \                     AppS2wHal_TimerStop:
   \   00000000   0x6B00             LDR      R0,[R0, #+48]
   \   00000002   0x.... 0x....      B.W      GsnSoftTmr_Stop
    135          }
    136          
    137          
    138          /**
    139           ******************************************************************
    140           * @ingroup S2w-Application
    141           * @brief S2w Timer delete function.
    142           *    This function remove the timer specified.
    143           * @param timer - IN Pointer to the timer handler.
    144           * @retval VOID
    145           ******************************************************************/

   \                                 In section .text, align 2, keep-with-next
    146          PUBLIC VOID
    147          AppS2wHal_TimerDelete(S2W_TIMER_T * timer)
    148          {
    149              timer->handle = NULL;
   \                     AppS2wHal_TimerDelete:
   \   00000000   0x2100             MOVS     R1,#+0
   \   00000002   0x6301             STR      R1,[R0, #+48]
    150              memset(&timer->timer, 0, sizeof(GSN_SOFT_TMR_T));
   \   00000004   0x3010             ADDS     R0,R0,#+16
   \   00000006   0x2120             MOVS     R1,#+32
   \   00000008   0x.... 0x....      B.W      __aeabi_memclr4
    151          }
    152          
    153          
    154          /**
    155           ******************************************************************
    156           * @ingroup S2w-Application
    157           * @brief Convert from the Serial2WiFi timeout value to the Tsync ticks
    158           *        required by the Gsn Timer functions.
    159           * @param timeout - IN the timeout in units of 10ms
    160           * @retval the period in Tsync ticks
    161           ******************************************************************/
    162          PRIVATE INLINE ULONG64
    163          AppS2wHal_TimeoutToTsync(UINT32 timeout)
    164          {
    165              /* The hal's timeout value is in 10ms ticks */
    166              return (ULONG64) timeout * TIMER_INTERRUPT_10_MS;
    167          }
    168          

   Maximum stack usage in bytes:

   .cstack Function
   ------- --------
       0   AppS2wHal_TimerDelete
         0   -> __aeabi_memclr4
       0   AppS2wHal_TimerInit
      40   AppS2wHal_TimerStart
        40   -> GsnSoftTmr_Start
        40   -> GsnSoftTmr_Stop
       0   AppS2wHal_TimerStop
         0   -> GsnSoftTmr_Stop


   Section sizes:

   Bytes  Function/Label
   -----  --------------
      12  AppS2wHal_TimerDelete
      12  AppS2wHal_TimerInit
      80  AppS2wHal_TimerStart
       6  AppS2wHal_TimerStop

 
 110 bytes in section .text
 
 110 bytes of CODE memory

Errors: none
Warnings: none
